[    0.000000] Linux version 4.15.0-202-generic (buildd@lcy02-amd64-115) (gcc version 7.5.0 (Ubuntu 7.5.0-3ubuntu1~18.04)) #213-Ubuntu SMP Thu Jan 5 19:19:12 UTC 2023 (Ubuntu 4.15.0-202.213-generic 4.15.18)
[    0.000000] Command line: BOOT_IMAGE=/boot/vmlinuz-4.15.0-202-generic root=LABEL=cloudimg-rootfs ro console=tty1 console=ttyS0
[    0.000000] KERNEL supported cpus:
[    0.000000]   Intel GenuineIntel
[    0.000000]   AMD AuthenticAMD
[    0.000000]   Centaur CentaurHauls
[    0.000000] x86/fpu: Supporting XSAVE feature 0x001: 'x87 floating point registers'
[    0.000000] x86/fpu: Supporting XSAVE feature 0x002: 'SSE registers'
[    0.000000] x86/fpu: Supporting XSAVE feature 0x004: 'AVX registers'
[    0.000000] x86/fpu: xstate_offset[2]:  576, xstate_sizes[2]:  256
[    0.000000] x86/fpu: Enabled xstate features 0x7, context size is 832 bytes, using 'standard' format.
[    0.000000] e820: BIOS-provided physical RAM map:
[    0.000000] BIOS-e820: [mem 0x0000000000000000-0x000000000009fbff] usable
[    0.000000] BIOS-e820: [mem 0x000000000009fc00-0x000000000009ffff] reserved
[    0.000000] BIOS-e820: [mem 0x00000000000f0000-0x00000000000fffff] reserved
[    0.000000] BIOS-e820: [mem 0x0000000000100000-0x000000003ffeffff] usable
[    0.000000] BIOS-e820: [mem 0x000000003fff0000-0x000000003fffffff] ACPI data
[    0.000000] BIOS-e820: [mem 0x00000000fec00000-0x00000000fec00fff] reserved
[    0.000000] BIOS-e820: [mem 0x00000000fee00000-0x00000000fee00fff] reserved
[    0.000000] BIOS-e820: [mem 0x00000000fffc0000-0x00000000ffffffff] reserved
[    0.000000] NX (Execute Disable) protection: active
[    0.000000] SMBIOS 2.5 present.
[    0.000000] DMI: innotek GmbH VirtualBox/VirtualBox, BIOS VirtualBox 12/01/2006
[    0.000000] Hypervisor detected: KVM
[    0.000000] e820: last_pfn = 0x3fff0 max_arch_pfn = 0x400000000
[    0.000000] MTRR: Disabled
[    0.000000] x86/PAT: MTRRs disabled, skipping PAT initialization too.
[    0.000000] CPU MTRRs all blank - virtualized system.
[    0.000000] x86/PAT: Configuration [0-7]: WB  WT  UC- UC  WB  WT  UC- UC  
[    0.000000] found SMP MP-table at [mem 0x0009fff0-0x0009ffff]
[    0.000000] Scanning 1 areas for low memory corruption
[    0.000000] RAMDISK: [mem 0x359c9000-0x36cdbfff]
[    0.000000] ACPI: Early table checksum verification disabled
[    0.000000] ACPI: RSDP 0x00000000000E0000 000024 (v02 VBOX  )
[    0.000000] ACPI: XSDT 0x000000003FFF0030 00003C (v01 VBOX   VBOXXSDT 00000001 ASL  00000061)
[    0.000000] ACPI: FACP 0x000000003FFF00F0 0000F4 (v04 VBOX   VBOXFACP 00000001 ASL  00000061)
[    0.000000] ACPI: DSDT 0x000000003FFF0470 002325 (v02 VBOX   VBOXBIOS 00000002 INTL 20200925)
[    0.000000] ACPI: FACS 0x000000003FFF0200 000040
[    0.000000] ACPI: FACS 0x000000003FFF0200 000040
[    0.000000] ACPI: APIC 0x000000003FFF0240 00005C (v02 VBOX   VBOXAPIC 00000001 ASL  00000061)
[    0.000000] ACPI: SSDT 0x000000003FFF02A0 0001CC (v01 VBOX   VBOXCPUT 00000002 INTL 20200925)
[    0.000000] ACPI: Reserving FACP table memory at [mem 0x3fff00f0-0x3fff01e3]
[    0.000000] ACPI: Reserving DSDT table memory at [mem 0x3fff0470-0x3fff2794]
[    0.000000] ACPI: Reserving FACS table memory at [mem 0x3fff0200-0x3fff023f]
[    0.000000] ACPI: Reserving FACS table memory at [mem 0x3fff0200-0x3fff023f]
[    0.000000] ACPI: Reserving APIC table memory at [mem 0x3fff0240-0x3fff029b]
[    0.000000] ACPI: Reserving SSDT table memory at [mem 0x3fff02a0-0x3fff046b]
[    0.000000] No NUMA configuration found
[    0.000000] Faking a node at [mem 0x0000000000000000-0x000000003ffeffff]
[    0.000000] NODE_DATA(0) allocated [mem 0x3ffc5000-0x3ffeffff]
[    0.000000] kvm-clock: cpu 0, msr 0:3ff44001, primary cpu clock
[    0.000000] kvm-clock: Using msrs 4b564d01 and 4b564d00
[    0.000000] kvm-clock: using sched offset of 3886834086 cycles
[    0.000000] clocksource: kvm-clock: mask: 0xffffffffffffffff max_cycles: 0x1cd42e4dffb, max_idle_ns: 881590591483 ns
[    0.000000] Zone ranges:
[    0.000000]   DMA      [mem 0x0000000000001000-0x0000000000ffffff]
[    0.000000]   DMA32    [mem 0x0000000001000000-0x000000003ffeffff]
[    0.000000]   Normal   empty
[    0.000000]   Device   empty
[    0.000000] Movable zone start for each node
[    0.000000] Early memory node ranges
[    0.000000]   node   0: [mem 0x0000000000001000-0x000000000009efff]
[    0.000000]   node   0: [mem 0x0000000000100000-0x000000003ffeffff]
[    0.000000] Reserved but unavailable: 104 pages
[    0.000000] Initmem setup node 0 [mem 0x0000000000001000-0x000000003ffeffff]
[    0.000000] ACPI: PM-Timer IO Port: 0x4008
[    0.000000] IOAPIC[0]: apic_id 2, version 32, address 0xfec00000, GSI 0-23
[    0.000000] ACPI: INT_SRC_OVR (bus 0 bus_irq 0 global_irq 2 dfl dfl)
[    0.000000] ACPI: INT_SRC_OVR (bus 0 bus_irq 9 global_irq 9 low level)
[    0.000000] Using ACPI (MADT) for SMP configuration information
[    0.000000] smpboot: Allowing 2 CPUs, 0 hotplug CPUs
[    0.000000] PM: Registered nosave memory: [mem 0x00000000-0x00000fff]
[    0.000000] PM: Registered nosave memory: [mem 0x0009f000-0x0009ffff]
[    0.000000] PM: Registered nosave memory: [mem 0x000a0000-0x000effff]
[    0.000000] PM: Registered nosave memory: [mem 0x000f0000-0x000fffff]
[    0.000000] e820: [mem 0x40000000-0xfebfffff] available for PCI devices
[    0.000000] Booting paravirtualized kernel on KVM
[    0.000000] clocksource: refined-jiffies: mask: 0xffffffff max_cycles: 0xffffffff, max_idle_ns: 7645519600211568 ns
[    0.000000] setup_percpu: NR_CPUS:8192 nr_cpumask_bits:2 nr_cpu_ids:2 nr_node_ids:1
[    0.000000] percpu: Embedded 50 pages/cpu s167936 r8192 d28672 u1048576
[    0.000000] PV qspinlock hash table entries: 256 (order: 0, 4096 bytes)
[    0.000000] Built 1 zonelists, mobility grouping on.  Total pages: 257913
[    0.000000] Policy zone: DMA32
[    0.000000] Kernel command line: BOOT_IMAGE=/boot/vmlinuz-4.15.0-202-generic root=LABEL=cloudimg-rootfs ro console=tty1 console=ttyS0
[    0.000000] Memory: 982648K/1048120K available (12300K kernel code, 2477K rwdata, 4320K rodata, 2472K init, 2720K bss, 65472K reserved, 0K cma-reserved)
[    0.000000] SLUB: HWalign=64, Order=0-3, MinObjects=0, CPUs=2, Nodes=1
[    0.000000] Kernel/User page tables isolation: enabled
[    0.000000] ftrace: allocating 39478 entries in 155 pages
[    0.004000] Hierarchical RCU implementation.
[    0.004000] 	RCU restricting CPUs from NR_CPUS=8192 to nr_cpu_ids=2.
[    0.004000] 	Tasks RCU enabled.
[    0.004000] RCU: Adjusting geometry for rcu_fanout_leaf=16, nr_cpu_ids=2
[    0.004000] NR_IRQS: 524544, nr_irqs: 440, preallocated irqs: 16
[    0.004000] random: crng init done
[    0.004000] Console: colour VGA+ 80x25
[    0.004000] console [tty1] enabled
[    0.004000] console [ttyS0] enabled
[    0.004000] ACPI: Core revision 20170831
[    0.004000] ACPI: 2 ACPI AML tables successfully acquired and loaded
[    0.004000] APIC: Switch to symmetric I/O mode setup
[    0.004000] x2apic enabled
[    0.004000] Switched APIC routing to physical x2apic.
[    0.004000] ..TIMER: vector=0x30 apic1=0 pin1=2 apic2=-1 pin2=-1
[    0.004000] tsc: Detected 3292.336 MHz processor
[    0.004009] Calibrating delay loop (skipped) preset value.. 6584.67 BogoMIPS (lpj=13169344)
[    0.005091] pid_max: default: 32768 minimum: 301
[    0.005708] Security Framework initialized
[    0.006268] Yama: becoming mindful.
[    0.006798] AppArmor: AppArmor initialized
[    0.008024] Dentry cache hash table entries: 131072 (order: 8, 1048576 bytes)
[    0.009078] Inode-cache hash table entries: 65536 (order: 7, 524288 bytes)
[    0.009979] Mount-cache hash table entries: 2048 (order: 2, 16384 bytes)
[    0.010839] Mountpoint-cache hash table entries: 2048 (order: 2, 16384 bytes)
[    0.012224] Last level iTLB entries: 4KB 1024, 2MB 1024, 4MB 1024
[    0.013006] Last level dTLB entries: 4KB 1024, 2MB 1024, 4MB 1024, 1GB 4
[    0.013871] Spectre V1 : Mitigation: usercopy/swapgs barriers and __user pointer sanitization
[    0.015032] Spectre V2 : Mitigation: Retpolines
[    0.015708] Spectre V2 : Spectre v2 / SpectreRSB mitigation: Filling RSB on context switch
[    0.016003] Speculative Store Bypass: Vulnerable
[    0.016713] MDS: Mitigation: Clear CPU buffers
[    0.017376] MMIO Stale Data: Unknown: No mitigations
[    0.018120] SRBDS: Unknown: Dependent on hypervisor status
[    0.020142] Freeing SMP alternatives memory: 36K
[    0.130905] smpboot: CPU0: Intel(R) Core(TM) i5-4590 CPU @ 3.30GHz (family: 0x6, model: 0x3c, stepping: 0x3)
[    0.132000] Performance Events: unsupported p6 CPU model 60 no PMU driver, software events only.
[    0.132000] Hierarchical SRCU implementation.
[    0.132000] NMI watchdog: Perf event create on CPU 0 failed with -2
[    0.132002] NMI watchdog: Perf NMI watchdog permanently disabled
[    0.133833] smp: Bringing up secondary CPUs ...
[    0.135401] x86: Booting SMP configuration:
[    0.136002] .... node  #0, CPUs:      #1
[    0.004000] kvm-clock: cpu 1, msr 0:3ff44041, secondary cpu clock
[    0.139245] smp: Brought up 1 node, 2 CPUs
[    0.140004] smpboot: Max logical packages: 1
[    0.140590] smpboot: Total of 2 processors activated (13169.34 BogoMIPS)
[    0.141506] devtmpfs: initialized
[    0.141506] x86/mm: Memory block size: 128MB
[    0.141506] evm: security.selinux
[    0.142164] evm: security.SMACK64
[    0.144003] evm: security.SMACK64EXEC
[    0.144504] evm: security.SMACK64TRANSMUTE
[    0.145033] evm: security.SMACK64MMAP
[    0.145535] evm: security.apparmor
[    0.146004] evm: security.ima
[    0.146431] evm: security.capability
[    0.146962] clocksource: jiffies: mask: 0xffffffff max_cycles: 0xffffffff, max_idle_ns: 7645041785100000 ns
[    0.148007] futex hash table entries: 512 (order: 3, 32768 bytes)
[    0.148805] pinctrl core: initialized pinctrl subsystem
[    0.150006] RTC time: 13:04:45, date: 02/21/23
[    0.150823] NET: Registered protocol family 16
[    0.152063] audit: initializing netlink subsys (disabled)
[    0.152793] audit: type=2000 audit(1676984690.767:1): state=initialized audit_enabled=0 res=1
[    0.153126] cpuidle: using governor ladder
[    0.153126] cpuidle: using governor menu
[    0.153272] ACPI: bus type PCI registered
[    0.156007] acpiphp: ACPI Hot Plug PCI Controller Driver version: 0.5
[    0.156914] PCI: Using configuration type 1 for base access
[    0.157648] HugeTLB registered 2.00 MiB page size, pre-allocated 0 pages
[    0.157648] ACPI: Added _OSI(Module Device)
[    0.160004] ACPI: Added _OSI(Processor Device)
[    0.160634] ACPI: Added _OSI(3.0 _SCP Extensions)
[    0.161295] ACPI: Added _OSI(Processor Aggregator Device)
[    0.162010] ACPI: Added _OSI(Linux-Dell-Video)
[    0.162602] ACPI: Added _OSI(Linux-Lenovo-NV-HDMI-Audio)
[    0.163320] ACPI: Added _OSI(Linux-HPI-Hybrid-Graphics)
[    0.164000] ACPI: Executed 1 blocks of module-level executable AML code
[    0.170148] ACPI: Interpreter enabled
[    0.170706] ACPI: (supports S0 S5)
[    0.172002] ACPI: Using IOAPIC for interrupt routing
[    0.172851] PCI: Using host bridge windows from ACPI; if necessary, use "pci=nocrs" and report a bug
[    0.174170] ACPI: Enabled 2 GPEs in block 00 to 07
[    0.179185] ACPI: PCI Root Bridge [PCI0] (domain 0000 [bus 00-ff])
[    0.179979] acpi PNP0A03:00: _OSC: OS supports [ASPM ClockPM Segments MSI]
[    0.180357] acpi PNP0A03:00: _OSC: not requesting OS control; OS requires [ExtendedConfig ASPM ClockPM MSI]
[    0.181566] acpi PNP0A03:00: fail to add MMCONFIG information, can't access extended PCI configuration space under this bridge.
[    0.184209] PCI host bridge to bus 0000:00
[    0.184858] pci_bus 0000:00: root bus resource [io  0x0000-0x0cf7 window]
[    0.185722] pci_bus 0000:00: root bus resource [io  0x0d00-0xffff window]
[    0.186538] pci_bus 0000:00: root bus resource [mem 0x000a0000-0x000bffff window]
[    0.188003] pci_bus 0000:00: root bus resource [mem 0x40000000-0xfdffffff window]
[    0.189008] pci_bus 0000:00: root bus resource [bus 00-ff]
[    0.190961] pci 0000:00:01.1: legacy IDE quirk: reg 0x10: [io  0x01f0-0x01f7]
[    0.191907] pci 0000:00:01.1: legacy IDE quirk: reg 0x14: [io  0x03f6]
[    0.192002] pci 0000:00:01.1: legacy IDE quirk: reg 0x18: [io  0x0170-0x0177]
[    0.192916] pci 0000:00:01.1: legacy IDE quirk: reg 0x1c: [io  0x0376]
[    0.205303] pci 0000:00:07.0: quirk: [io  0x4000-0x403f] claimed by PIIX4 ACPI
[    0.206360] pci 0000:00:07.0: quirk: [io  0x4100-0x410f] claimed by PIIX4 SMB
[    0.214781] ACPI: PCI Interrupt Link [LNKA] (IRQs 5 9 10 *11)
[    0.215875] ACPI: PCI Interrupt Link [LNKB] (IRQs 5 9 *10 11)
[    0.216087] ACPI: PCI Interrupt Link [LNKC] (IRQs 5 *9 10 11)
[    0.216971] ACPI: PCI Interrupt Link [LNKD] (IRQs 5 9 10 *11)
[    0.217965] SCSI subsystem initialized
[    0.218538] pci 0000:00:02.0: vgaarb: setting as boot VGA device
[    0.218538] pci 0000:00:02.0: vgaarb: VGA device added: decodes=io+mem,owns=io+mem,locks=none
[    0.220009] pci 0000:00:02.0: vgaarb: bridge control possible
[    0.220785] vgaarb: loaded
[    0.221220] ACPI: bus type USB registered
[    0.221768] usbcore: registered new interface driver usbfs
[    0.222488] usbcore: registered new interface driver hub
[    0.224009] usbcore: registered new device driver usb
[    0.224718] EDAC MC: Ver: 3.0.0
[    0.224718] PCI: Using ACPI for IRQ routing
[    0.224781] NetLabel: Initializing
[    0.225323] NetLabel:  domain hash size = 128
[    0.225983] NetLabel:  protocols = UNLABELED CIPSOv4 CALIPSO
[    0.228031] NetLabel:  unlabeled traffic allowed by default
[    0.229708] clocksource: Switched to clocksource kvm-clock
[    0.237415] VFS: Disk quotas dquot_6.6.0
[    0.238065] VFS: Dquot-cache hash table entries: 512 (order 0, 4096 bytes)
[    0.239046] AppArmor: AppArmor Filesystem Enabled
[    0.239689] pnp: PnP ACPI init
[    0.240889] pnp: PnP ACPI: found 3 devices
[    0.248537] clocksource: acpi_pm: mask: 0xffffff max_cycles: 0xffffff, max_idle_ns: 2085701024 ns
[    0.249701] NET: Registered protocol family 2
[    0.250305] IP idents hash table entries: 16384 (order: 5, 131072 bytes)
[    0.251735] TCP established hash table entries: 8192 (order: 4, 65536 bytes)
[    0.252690] TCP bind hash table entries: 8192 (order: 5, 131072 bytes)
[    0.253513] TCP: Hash tables configured (established 8192 bind 8192)
[    0.254347] UDP hash table entries: 512 (order: 2, 16384 bytes)
[    0.255127] UDP-Lite hash table entries: 512 (order: 2, 16384 bytes)
[    0.255945] NET: Registered protocol family 1
[    0.256564] pci 0000:00:00.0: Limiting direct PCI/PCI transfers
[    0.257321] pci 0000:00:01.0: Activating ISA DMA hang workarounds
[    0.258089] pci 0000:00:02.0: Video device with shadowed ROM at [mem 0x000c0000-0x000dffff]
[    0.259254] Unpacking initramfs...
[    0.472824] Freeing initrd memory: 19532K
[    0.473593] clocksource: tsc: mask: 0xffffffffffffffff max_cycles: 0x2f750427d27, max_idle_ns: 440795272174 ns
[    0.474822] platform rtc_cmos: registered platform RTC device (no PNP device found)
[    0.475858] Scanning for low memory corruption every 60 seconds
[    0.477277] Initialise system trusted keyrings
[    0.477962] Key type blacklist registered
[    0.478623] workingset: timestamp_bits=36 max_order=18 bucket_order=0
[    0.480283] zbud: loaded
[    0.481088] squashfs: version 4.0 (2009/01/31) Phillip Lougher
[    0.482014] fuse init (API version 7.26)
[    0.484180] Key type asymmetric registered
[    0.484745] Asymmetric key parser 'x509' registered
[    0.485419] Block layer SCSI generic (bsg) driver version 0.4 loaded (major 246)
[    0.486488] io scheduler noop registered
[    0.487064] io scheduler deadline registered
[    0.487695] io scheduler cfq registered (default)
[    0.488602] ACPI: AC Adapter [AC] (on-line)
[    0.489192] input: Power Button as /devices/LNXSYSTM:00/LNXPWRBN:00/input/input0
[    0.490290] ACPI: Power Button [PWRF]
[    0.490911] input: Sleep Button as /devices/LNXSYSTM:00/LNXSLPBN:00/input/input1
[    0.491893] ACPI: Sleep Button [SLPF]
[    0.492729] Serial: 8250/16550 driver, 32 ports, IRQ sharing enabled
[    0.514061] 00:02: ttyS0 at I/O 0x3f8 (irq = 4, base_baud = 115200) is a 16550A
[    0.517016] Linux agpgart interface v0.103
[    0.519146] loop: module loaded
[    0.520274] scsi host0: ata_piix
[    0.520990] scsi host1: ata_piix
[    0.521513] ata1: PATA max UDMA/33 cmd 0x1f0 ctl 0x3f6 bmdma 0xd000 irq 14
[    0.522406] ata2: PATA max UDMA/33 cmd 0x170 ctl 0x376 bmdma 0xd008 irq 15
[    0.523390] tun: Universal TUN/TAP device driver, 1.6
[    0.524225] PPP generic driver version 2.4.2
[    0.524949] ehci_hcd: USB 2.0 'Enhanced' Host Controller (EHCI) Driver
[    0.525829] ehci-pci: EHCI PCI platform driver
[    0.526451] ehci-platform: EHCI generic platform driver
[    0.527170] ohci_hcd: USB 1.1 'Open' Host Controller (OHCI) Driver
[    0.527946] ohci-pci: OHCI PCI platform driver
[    0.528633] ohci-platform: OHCI generic platform driver
[    0.529303] uhci_hcd: USB Universal Host Controller Interface driver
[    0.530140] i8042: PNP: PS/2 Controller [PNP0303:PS2K,PNP0f03:PS2M] at 0x60,0x64 irq 1,12
[    0.531507] serio: i8042 KBD port at 0x60,0x64 irq 1
[    0.532293] serio: i8042 AUX port at 0x60,0x64 irq 12
[    0.533268] mousedev: PS/2 mouse device common for all mice
[    0.534469] input: AT Translated Set 2 keyboard as /devices/platform/i8042/serio0/input/input2
[    0.535701] rtc_cmos rtc_cmos: rtc core: registered rtc_cmos as rtc0
[    0.536584] rtc_cmos rtc_cmos: alarms up to one day, 114 bytes nvram
[    0.537366] i2c /dev entries driver
[    0.537937] device-mapper: uevent: version 1.0.3
[    0.538649] device-mapper: ioctl: 4.37.0-ioctl (2017-09-20) initialised: dm-devel@redhat.com
[    0.539736] ledtrig-cpu: registered to indicate activity on CPUs
[    0.540863] NET: Registered protocol family 10
[    0.544453] Segment Routing with IPv6
[    0.545099] NET: Registered protocol family 17
[    0.545817] Key type dns_resolver registered
[    0.546613] mce: Using 0 MCE banks
[    0.547121] RAS: Correctable Errors collector initialized.
[    0.547870] sched_clock: Marking stable (546590878, 0)->(661264382, -114673504)
[    0.549296] registered taskstats version 1
[    0.549956] Loading compiled-in X.509 certificates
[    0.552364] Loaded X.509 cert 'Build time autogenerated kernel key: f114f3958ed3c37ba1924ca66ae8368f3c35b0e4'
[    0.554098] Loaded X.509 cert 'Canonical Ltd. Live Patch Signing: 14df34d1a87cf37625abec039ef2bf521249b969'
[    0.555785] Loaded X.509 cert 'Canonical Ltd. Kernel Module Signing: 88f752e560a1e0737e31163a466ad7b70a850c19'
[    0.557100] blacklist: Loading compiled-in revocation X.509 certificates
[    0.557980] Loaded X.509 cert 'Canonical Ltd. Secure Boot Signing: 61482aa2830d0ab2ad5af10b7250da9033ddcef0'
[    0.559219] zswap: loaded using pool lzo/zbud
[    0.562597] Key type big_key registered
[    0.563194] Key type trusted registered
[    0.565109] Key type encrypted registered
[    0.565722] AppArmor: AppArmor sha1 policy hashing enabled
[    0.566496] ima: No TPM chip found, activating TPM-bypass! (rc=-19)
[    0.567345] ima: Allocated hash algorithm: sha1
[    0.567982] evm: HMAC attrs: 0x1
[    0.568658]   Magic number: 11:444:79
[    0.569307] rtc_cmos rtc_cmos: setting system clock to 2023-02-21 13:04:45 UTC (1676984685)
[    0.570513] BIOS EDD facility v0.16 2004-Jun-25, 0 devices found
[    0.571289] EDD information not available.
[    0.706251] Freeing unused kernel image memory: 2472K
[    0.992305] Write protecting the kernel read-only data: 20480k
[    0.995203] Freeing unused kernel image memory: 2008K
[    0.997978] Freeing unused kernel image memory: 1824K
[    1.014858] x86/mm: Checked W+X mappings: passed, no W+X pages found.
[    1.018501] x86/mm: Checking user space page tables
[    1.041875] x86/mm: Checked W+X mappings: passed, no W+X pages found.
Loading, please wait...
starting version 237
[    1.184943] e1000: Intel(R) PRO/1000 Network Driver - version 7.3.21-k8-NAPI
[    1.186439] e1000: Copyright (c) 1999-2006 Intel Corporation.
[    1.188453] Fusion MPT base driver 3.04.20
[    1.189323] Copyright (c) 1999-2008 LSI Corporation
[    1.199307] Fusion MPT SPI Host driver 3.04.20
[    1.209335] AVX2 version of gcm_enc/dec engaged.
[    1.210332] AES CTR mode by8 optimization enabled
[    1.401314] input: ImExPS/2 Generic Explorer Mouse as /devices/platform/i8042/serio1/input/input4
[    1.551241] e1000 0000:00:03.0 eth0: (PCI:33MHz:32-bit) 02:0c:5d:76:46:7f
[    1.552218] e1000 0000:00:03.0 eth0: Intel(R) PRO/1000 Network Connection
[    1.903271] e1000 0000:00:08.0 eth1: (PCI:33MHz:32-bit) 08:00:27:11:c1:a3
[    1.904282] e1000 0000:00:08.0 eth1: Intel(R) PRO/1000 Network Connection
[    1.906317] e1000 0000:00:03.0 enp0s3: renamed from eth0
[    1.908108] mptbase: ioc0: Initiating bringup
[    1.920409] e1000 0000:00:08.0 enp0s8: renamed from eth1
[    2.244525] ioc0: LSI53C1030 A0: Capabilities={Initiator}
[    4.156540] scsi host2: ioc0: LSI53C1030 A0, FwRev=00000000h, Ports=1, MaxQ=256, IRQ=20
[    6.134482] scsi 2:0:0:0: Direct-Access     VBOX     HARDDISK         1.0  PQ: 0 ANSI: 5
[    6.172309] scsi target2:0:0: Beginning Domain Validation
[    6.182240] scsi target2:0:0: Domain Validation skipping write tests
[    6.186137] scsi target2:0:0: Ending Domain Validation
[    6.189468] scsi target2:0:0: asynchronous
[    6.194746] scsi 2:0:1:0: Direct-Access     VBOX     HARDDISK         1.0  PQ: 0 ANSI: 5
[    6.228323] scsi target2:0:1: Beginning Domain Validation
[    6.237586] scsi target2:0:1: Domain Validation skipping write tests
[    6.244251] scsi target2:0:1: Ending Domain Validation
[    6.247559] scsi target2:0:1: asynchronous
[    6.267135] sd 2:0:0:0: Attached scsi generic sg0 type 0
[    6.267966] sd 2:0:0:0: [sda] 83886080 512-byte logical blocks: (42.9 GB/40.0 GiB)
[    6.278338] sd 2:0:0:0: [sda] Write Protect is off
[    6.281555] sd 2:0:1:0: Attached scsi generic sg1 type 0
[    6.282299] sd 2:0:0:0: [sda] Incomplete mode parameter data
[    6.288402] sd 2:0:0:0: [sda] Assuming drive cache: write through
[    6.291873] sd 2:0:1:0: [sdb] 20480 512-byte logical blocks: (10.5 MB/10.0 MiB)
[    6.297233] sd 2:0:1:0: [sdb] Write Protect is off
[    6.301144] sd 2:0:1:0: [sdb] Incomplete mode parameter data
[    6.303426]  sda: sda1
[    6.304567] sd 2:0:1:0: [sdb] Assuming drive cache: write through
[    6.307612] sd 2:0:0:0: [sda] Attached SCSI disk
[    6.385893] sd 2:0:1:0: [sdb] Attached SCSI disk
Begin: Loading essential drivers ... [    7.988718] raid6: sse2x1   gen() 13839 MB/s
[    8.043801] raid6: sse2x1   xor() 10121 MB/s
[    8.092369] raid6: sse2x2   gen() 14874 MB/s
[    8.151362] raid6: sse2x2   xor() 12063 MB/s
[    8.203607] raid6: sse2x4   gen() 19092 MB/s
[    8.255762] raid6: sse2x4   xor() 11868 MB/s
[    8.311776] raid6: avx2x1   gen() 28548 MB/s
[    8.367651] raid6: avx2x1   xor() 19119 MB/s
[    8.419852] raid6: avx2x2   gen() 30210 MB/s
[    8.483185] raid6: avx2x2   xor() 23124 MB/s
[    8.531747] raid6: avx2x4   gen() 34802 MB/s
[    8.583609] raid6: avx2x4   xor() 21817 MB/s
[    8.584328] raid6: using algorithm avx2x4 gen() 34802 MB/s
[    8.585033] raid6: .... xor() 21817 MB/s, rmw enabled
[    8.585731] raid6: using avx2x2 recovery algorithm
[    8.587665] xor: automatically using best checksumming function   avx       
[    8.589576] async_tx: api initialized (async)
done.
Begin: Running /scripts/init-premount ... done.
Begin: Mounting root file system ... Begin: Running /scripts/local-top ... done.
Begin: Running /scripts/local-premount ... [    8.627862] Btrfs loaded, crc32c=crc32c-intel
Scanning for Btrfs filesystems
done.
Warning: fsck not present, so skipping root file system
[    8.700528] EXT4-fs (sda1): mounted filesystem with ordered data mode. Opts: (null)
done.
Begin: Running /scripts/local-bottom ... done.
Begin: Running /scripts/init-bottom ... done.
[    9.720682] ip_tables: (C) 2000-2006 Netfilter Core Team
[    9.816355] systemd[1]: systemd 237 running in system mode. (+PAM +AUDIT +SELINUX +IMA +APPARMOR +SMACK +SYSVINIT +UTMP +LIBCRYPTSETUP +GCRYPT +GNUTLS +ACL +XZ +LZ4 +SECCOMP +BLKID +ELFUTILS +KMOD -IDN2 +IDN -PCRE2 default-hierarchy=hybrid)
[    9.830398] systemd[1]: Detected virtualization oracle.
[    9.833575] systemd[1]: Detected architecture x86-64.

Welcome to [1mUbuntu 18.04.6 LTS[0m!

[    9.879785] systemd[1]: Set hostname to <ubuntu>.
[    9.903049] systemd[1]: Initializing machine ID from random generator.
[    9.907051] systemd[1]: Installed transient /etc/machine-id file.
[   11.542695] systemd[1]: Reached target Swap.
[[0;32m  OK  [0m] Reached target Swap.
[   11.545246] systemd[1]: Set up automount Arbitrary Executable File Formats File System Automount Point.
[[0;32m  OK  [0m] Set up automount Arbitrary Executab…rmats File System Automount Point.
[   11.549892] systemd[1]: Reached target User and Group Name Lookups.
[[0;32m  OK  [0m] Reached target User and Group Name Lookups.
[   11.555660] systemd[1]: Created slice User and Session Slice.
[[0;32m  OK  [0m] Created slice User and Session Slice.
[[0;32m  OK  [0m] Started Forward Password Requests to Wall Directory Watch.
[[0;32m  OK  [0m] Reached target System Time Synchronized.
[[0;32m  OK  [0m] Created slice System Slice.
[[0;32m  OK  [0m] Listening on Journal Socket.
         Mounting POSIX Message Queue File System...
[[0;32m  OK  [0m] Listening on Device-mapper event daemon FIFOs.
[[0;32m  OK  [0m] Listening on Journal Audit Socket.
         Starting Create list of required st…ce nodes for the current kernel...
[[0;32m  OK  [0m] Listening on udev Kernel Socket.
         Mounting Huge Pages File System...
[[0;32m  OK  [0m] Reached target Slices.
[[0;32m  OK  [0m] Listening on Journal Socket (/dev/log).
[[0;32m  OK  [0m] Listening on LVM2 poll daemon socket.
         Starting Uncomplicated firewall...
[[0;32m  OK  [0m] Listening on LVM2 metadata daemon socket.
         Starting Monitoring of LVM2 mirrors…ng dmeventd or progress polling...
[[0;32m  OK  [0m] Created slice system-serial\x2dgetty.slice.
         Mounting Kernel Debug File System...
[[0;32m  OK  [0m] Listening on fsck to fsckd communication Socket.
         Starting File System Check on Root Device...
         Starting Set the console keyboard layout...
         Starting Load Kernel Modules...
[[0;32m  OK  [0m] Listening on Network Service Netlink Socket.
[[0;32m  OK  [0m] Listening on /dev/initctl Compatibility Named Pipe.
[[0;32m  OK  [0m] Listening on Syslog Socket.
         Starting Journal Service...
[[0;32m  OK  [0m] Listening on udev Control Socket.
         Starting udev Coldplug all Devices...
[[0;32m  OK  [0m] Mounted POSIX Message Queue File System.
[[0;32m  OK  [0m] Started Create list of required sta…vice nodes for the current kernel.
[[0;32m  OK  [0m] Mounted Huge Pages File System.
[[0;32m  OK  [0m] Started Uncomplicated firewall.
[[0;32m  OK  [0m] Mounted Kernel Debug File System.
[[0;32m  OK  [0m] Started File System Check Daemon to report status.
         Starting Create Static Device Nodes in /dev...
[[0;32m  OK  [0m] Started Journal Service.
[[0;32m  OK  [0m] Started udev Coldplug all Devices.
[[0;32m  OK  [0m] Started Set the console keyboard layout.
[[0;32m  OK  [0m] Started LVM2 metadata daemon.
[   12.394193] Loading iSCSI transport class v2.0-870.
[[0;32m  OK  [0m] Started File System Check on Root Device.
         Starting Remount Root and Kernel File Systems...
[[0;32m  OK  [0m] Started Create Static Device Nodes in /dev.
[   12.608968] iscsi: registered transport (tcp)
[   13.098563] EXT4-fs (sda1): re-mounted. Opts: (null)
[[0;32m  OK  [0m] Started Remount Root and Kernel File Systems.
[   13.174040] iscsi: registered transport (iser)
         Starting udev Kernel Device Manager...
         Starting Flush Journal to Persistent Storage...
         Starting Load/Save Random Seed...
[[0;32m  OK  [0m] Started Monitoring of LVM2 mirrors,…sing dmeventd or progress polling.
[[0;32m  OK  [0m] Started Load Kernel Modules.
         Mounting FUSE Control File System...
         Starting Apply Kernel Variables...
         Mounting Kernel Configuration File System...
[[0;32m  OK  [0m] Reached target Local File Systems (Pre).
[[0;32m  OK  [0m] Reached target Local File Systems.
         Starting ebtables ruleset management...
         Starting Commit a transient machine-id on disk...
         Starting Set console font and keymap...
         Starting AppArmor initialization...
         Starting Tell Plymouth To Write Out Runtime Data...
[[0;32m  OK  [0m] Mounted FUSE Control File System.
[[0;32m  OK  [0m] Mounted Kernel Configuration File System.
[   13.390388] systemd-journald[415]: Received request to flush runtime journal from PID 1
[[0;32m  OK  [0m] Started Load/Save Random Seed.
[[0;32m  OK  [0m] Started Set console font and keymap.
[[0;32m  OK  [0m] Started Tell Plymouth To Write Out Runtime Data.
[[0;32m  OK  [0m] Started udev Kernel Device Manager.
[[0;32m  OK  [0m] Started Dispatch Password Requests to Console Directory Watch.
[[0;32m  OK  [0m] Reached target Local Encrypted Volumes.
[[0;32m  OK  [0m] Started Apply Kernel Variables.
[[0;32m  OK  [0m] Started Flush Journal to Persistent Storage.
         Starting Create Volatile Files and Directories...
[[0;32m  OK  [0m] Started Commit a transient machine-id on disk.
[[0;32m  OK  [0m] Started Create Volatile Files and Directories.
[[0;32m  OK  [0m] Found device /dev/ttyS0.
         Starting Update UTMP about System Boot/Shutdown...
[[0;32m  OK  [0m] Started ebtables ruleset management.
[[0;32m  OK  [0m] Listening on Load/Save RF Kill Switch Status /dev/rfkill Watch.
[[0;32m  OK  [0m] Started Update UTMP about System Boot/Shutdown.
[[0;32m  OK  [0m] Started AppArmor initialization.
         Starting Load AppArmor profiles managed internally by snapd...
         Starting Initial cloud-init job (pre-networking)...
         Mounting Arbitrary Executable File Formats File System...
[[0;32m  OK  [0m] Mounted Arbitrary Executable File Formats File System.
[[0;32m  OK  [0m] Started Load AppArmor profiles managed internally by snapd.
[   22.047121] cloud-init[550]: Cloud-init v. 22.4.2-0ubuntu0~18.04.1 running 'init-local' at Tue, 21 Feb 2023 13:05:05 +0000. Up 20.80 seconds.
[[0;32m  OK  [0m] Started Initial cloud-init job (pre-networking).
[[0;32m  OK  [0m] Reached target Network (Pre).
         Starting Network Service...
[[0;32m  OK  [0m] Started Network Service.
         Starting Wait for Network to be Configured...
         Starting Network Name Resolution...
[[0;32m  OK  [0m] Started Network Name Resolution.
[[0;32m  OK  [0m] Reached target Host and Network Name Lookups.
[[0;32m  OK  [0m] Reached target Network.
[[0;32m  OK  [0m] Started Wait for Network to be Configured.
         Starting Initial cloud-init job (metadata service crawler)...
[   24.496015] cloud-init[669]: Cloud-init v. 22.4.2-0ubuntu0~18.04.1 running 'init' at Tue, 21 Feb 2023 13:05:09 +0000. Up 24.34 seconds.
[   24.496908] cloud-init[669]: ci-info: ++++++++++++++++++++++++++++++++++++++Net device info++++++++++++++++++++++++++++++++++++++
[   24.497758] cloud-init[669]: ci-info: +--------+-------+---------------------------+---------------+--------+-------------------+
[   24.498783] cloud-init[669]: ci-info: | Device |   Up  |          Address          |      Mask     | Scope  |     Hw-Address    |
[   24.499823] cloud-init[669]: ci-info: +--------+-------+---------------------------+---------------+--------+-------------------+
[   24.500886] cloud-init[669]: ci-info: | enp0s3 |  True |         10.0.2.15         | 255.255.255.0 | global | 02:0c:5d:76:46:7f |
[   24.501955] cloud-init[669]: ci-info: | enp0s3 |  True | fe80::c:5dff:fe76:467f/64 |       .       |  link  | 02:0c:5d:76:46:7f |
[   24.502930] cloud-init[669]: ci-info: | enp0s8 | False |             .             |       .       |   .    | 08:00:27:11:c1:a3 |
[   24.503880] cloud-init[669]: ci-info: |   lo   |  True |         127.0.0.1         |   255.0.0.0   |  host  |         .         |
[   24.504904] cloud-init[669]: ci-info: |   lo   |  True |          ::1/128          |       .       |  host  |         .         |
[   24.505880] cloud-init[669]: ci-info: +--------+-------+---------------------------+---------------+--------+-------------------+
[   24.506841] cloud-init[669]: ci-info: ++++++++++++++++++++++++++++Route IPv4 info+++++++++++++++++++++++++++++
[   24.507683] cloud-init[669]: ci-info: +-------+-------------+----------+-----------------+-----------+-------+
[   24.508449] cloud-init[669]: ci-info: | Route | Destination | Gateway  |     Genmask     | Interface | Flags |
[   24.509331] cloud-init[669]: ci-info: +-------+-------------+----------+-----------------+-----------+-------+
[   24.510265] cloud-init[669]: ci-info: |   0   |   0.0.0.0   | 10.0.2.2 |     0.0.0.0     |   enp0s3  |   UG  |
[   24.511103] cloud-init[669]: ci-info: |   1   |   10.0.2.0  | 0.0.0.0  |  255.255.255.0  |   enp0s3  |   U   |
[   24.511961] cloud-init[669]: ci-info: |   2   |   10.0.2.2  | 0.0.0.0  | 255.255.255.255 |   enp0s3  |   UH  |
[   24.512783] cloud-init[669]: ci-info: +-------+-------------+----------+-----------------+-----------+-------+
[   24.513617] cloud-init[669]: ci-info: +++++++++++++++++++Route IPv6 info+++++++++++++++++++
[   24.514421] cloud-init[669]: ci-info: +-------+-------------+---------+-----------+-------+
[   24.515194] cloud-init[669]: ci-info: | Route | Destination | Gateway | Interface | Flags |
[   24.515913] cloud-init[669]: ci-info: +-------+-------------+---------+-----------+-------+
[   24.516657] cloud-init[669]: ci-info: |   1   |  fe80::/64  |    ::   |   enp0s3  |   U   |
[   24.528197] cloud-init[669]: ci-info: |   3   |    local    |    ::   |   enp0s3  |   U   |
[   24.528881] cloud-init[669]: ci-info: |   4   |   ff00::/8  |    ::   |   enp0s3  |   U   |
[   24.529697] cloud-init[669]: ci-info: +-------+-------------+---------+-----------+-------+
[   27.646044] cloud-init[669]: Generating public/private rsa key pair.
[   27.647558] cloud-init[669]: Your identification has been saved in /etc/ssh/ssh_host_rsa_key.
[   27.648526] cloud-init[669]: Your public key has been saved in /etc/ssh/ssh_host_rsa_key.pub.
[   27.649548] cloud-init[669]: The key fingerprint is:
[   27.650003] cloud-init[669]: SHA256:sT6NUmYNFoU/BBm/mALPcW9oNYpDylItSU04CvR1Mf0 root@ubuntu-bionic
[   27.664164] cloud-init[669]: The key's randomart image is:
[   27.665250] cloud-init[669]: +---[RSA 2048]----+
[   27.665866] cloud-init[669]: |..  .=.+**.      |
[   27.666461] cloud-init[669]: |. ..+oo ++.      |
[   27.666880] cloud-init[669]: | . o=.+ =o=      |
[   27.667524] cloud-init[669]: |  .o B = %oE     |
[   27.668170] cloud-init[669]: |  . o * S =.     |
[   27.668745] cloud-init[669]: |   .   O +       |
[   27.669371] cloud-init[669]: |      . + .      |
[   27.669872] cloud-init[669]: |       . .       |
[   27.670426] cloud-init[669]: |                 |
[   27.671078] cloud-init[669]: +----[SHA256]-----+
[   27.671585] cloud-init[669]: Generating public/private dsa key pair.
[   27.672343] cloud-init[669]: Your identification has been saved in /etc/ssh/ssh_host_dsa_key.
[   27.673081] cloud-init[669]: Your public key has been saved in /etc/ssh/ssh_host_dsa_key.pub.
[   27.673767] cloud-init[669]: The key fingerprint is:
[   27.674225] cloud-init[669]: SHA256:82/ARLbLA51QIaOWAXJZpcWKw2ue9MXKRn5cvYv3tjs root@ubuntu-bionic
[   27.675027] cloud-init[669]: The key's randomart image is:
[   27.675634] cloud-init[669]: +---[DSA 1024]----+
[   27.676112] cloud-init[669]: |  . o+oo=.o.     |
[   27.676650] cloud-init[669]: |   o.  *ooo      |
[   27.677263] cloud-init[669]: |   . .=. = o     |
[   27.677676] cloud-init[669]: |    +.. . =      |
[   27.678114] cloud-init[669]: |     o .S= o     |
[   27.678585] cloud-init[669]: |    + . ooB .    |
[   27.679027] cloud-init[669]: |   + * + ..o .   |
[   27.679611] cloud-init[669]: |    o * o  o+ E  |
[   27.680102] cloud-init[669]: |     . .  .oo+++ |
[   27.680528] cloud-init[669]: +----[SHA256]-----+
[   27.680900] cloud-init[669]: Generating public/private ecdsa key pair.
[   27.681447] cloud-init[669]: Your identification has been saved in /etc/ssh/ssh_host_ecdsa_key.
[   27.682336] cloud-init[669]: Your public key has been saved in /etc/ssh/ssh_host_ecdsa_key.pub.
[   27.683819] cloud-init[669]: The key fingerprint is:
[   27.684495] cloud-init[669]: SHA256:obsk78Tf3qnhfUPX+OJobsWmItmKAWsk8arXeSrJTYw root@ubuntu-bionic
[   27.685769] cloud-init[669]: The key's randomart image is:
[   27.686202] cloud-init[669]: +---[ECDSA 256]---+
[   27.686734] cloud-init[669]: |                 |
[   27.687169] cloud-init[669]: |                 |
[   27.687652] cloud-init[669]: |  .     .        |
[   27.688203] cloud-init[669]: |   o   . .       |
[   27.688681] cloud-init[669]: |  .o+ . S    . ..|
[   27.689147] cloud-init[669]: |  E+o+ .      * o|
[   27.689628] cloud-init[669]: | ..=+.*  o.  = o |
[   27.690087] cloud-init[669]: | .=.+=.=ooo++o+ .|
[   27.690678] cloud-init[669]: |.. ..+= o+=**o.o |
[   27.691145] cloud-init[669]: +----[SHA256]-----+
[   27.691642] cloud-init[669]: Generating public/private ed25519 key pair.
[   27.692246] cloud-init[669]: Your identification has been saved in /etc/ssh/ssh_host_ed25519_key.
[   27.693440] cloud-init[669]: Your public key has been saved in /etc/ssh/ssh_host_ed25519_key.pub.
[   27.695537] cloud-init[669]: The key fingerprint is:
[   27.696705] cloud-init[669]: SHA256:ZdNO1AXIRrTTCfuKN05NBcSg0Y2HbHg5JYeP3/0d5Ag root@ubuntu-bionic
[   27.698812] cloud-init[669]: The key's randomart image is:
[   27.699846] cloud-init[669]: +--[ED25519 256]--+
[   27.700373] cloud-init[669]: |          .BB&*o.|
[   27.700827] cloud-init[669]: |          .=#B=o |
[   27.701383] cloud-init[669]: |          =+*=o .|
[   27.701903] cloud-init[669]: |         o E.o.o |
[   27.702484] cloud-init[669]: |        S   o.*..|
[   27.703201] cloud-init[669]: |           . =.oo|
[   27.703790] cloud-init[669]: |          . = . +|
[   27.704861] cloud-init[669]: |           + .  o|
[   27.706079] cloud-init[669]: |            .    |
[   27.707273] cloud-init[669]: +----[SHA256]-----+
[[0;32m  OK  [0m] Started Initial cloud-init job (metadata service crawler).
[[0;32m  OK  [0m] Reached target Cloud-config availability.
[[0;32m  OK  [0m] Reached target System Initialization.
[[0;32m  OK  [0m] Started ACPI Events Check.
[[0;32m  OK  [0m] Listening on UUID daemon activation socket.
         Starting Socket activation for snappy daemon.
[[0;32m  OK  [0m] Started Ubuntu Advantage Timer for running repeated jobs.
[[0;32m  OK  [0m] Started Discard unused blocks once a week.
[[0;32m  OK  [0m] Listening on ACPID Listen Socket.
[[0;32m  OK  [0m] Listening on D-Bus System Message Bus Socket.
         Starting LXD - unix socket.
[[0;32m  OK  [0m] Listening on Open-iSCSI iscsid Socket.
[[0;32m  OK  [0m] Started Message of the Day.
[[0;32m  OK  [0m] Reached target Paths.
[[0;32m  OK  [0m] Listening on cloud-init hotplug hook socket.
[[0;32m  OK  [0m] Started Daily apt download activities.
[[0;32m  OK  [0m] Started Daily apt upgrade and clean activities.
[[0;32m  OK  [0m] Started Daily Cleanup of Temporary Directories.
[[0;32m  OK  [0m] Reached target Timers.
[[0;32m  OK  [0m] Reached target Network is Online.
         Starting Availability of block devices...
[[0;32m  OK  [0m] Reached target Remote File Systems (Pre).
[[0;32m  OK  [0m] Reached target Remote File Systems.
[[0;32m  OK  [0m] Listening on Socket activation for snappy daemon.
[[0;32m  OK  [0m] Listening on LXD - unix socket.
[[0;32m  OK  [0m] Reached target Sockets.
[[0;32m  OK  [0m] Reached target Basic System.
         Starting LSB: automatic crash report generation...
         Starting Accounts Service...
         Starting Permit User Sessions...
         Starting Dispatcher daemon for systemd-networkd...
         Starting Snap Daemon...
[[0;32m  OK  [0m] Started FUSE filesystem for LXC.
         Starting LXD - container startup/shutdown...
         Starting Pollinate to seed the pseudo random number generator...
[[0;32m  OK  [0m] Started irqbalance daemon.
[[0;32m  OK  [0m] Started D-Bus System Message Bus.
         Starting Virtualbox guest utils...
         Starting System Logging Service...
         Starting LSB: Record successful boot for GRUB...
[[0;32m  OK  [0m] Started Regular background program processing daemon.
         Starting Login Service...
[[0;32m  OK  [0m] Reached target Login Prompts (Pre).
[[0;32m  OK  [0m] Started Deferred execution scheduler.
[[0;32m  OK  [0m] Started Dispatcher daemon for systemd-networkd.
[[0;32m  OK  [0m] Started Availability of block devices.
[[0;32m  OK  [0m] Started Permit User Sessions.
         Starting Hold until boot process finishes up...
         Starting Terminate Plymouth Boot Screen...
[[0;32m  OK  [0m] Started Hold until boot process finishes up.
[[0;32m  OK  [0m] Started Serial Getty on ttyS0.
         Starting Set console scheme...
[[0;32m  OK  [0m] Started Terminate Plymouth Boot Screen.
[[0;32m  OK  [0m] Started Set console scheme.
[[0;32m  OK  [0m] Started Login Service.
[[0;32m  OK  [0m] Started Unattended Upgrades Shutdown.
[[0;32m  OK  [0m] Created slice system-getty.slice.
[[0;32m  OK  [0m] Started Getty on tty1.
[[0;32m  OK  [0m] Reached target Login Prompts.
         Starting Authorization Manager...
[[0;32m  OK  [0m] Started LSB: automatic crash report generation.
[[0;32m  OK  [0m] Started System Logging Service.
[[0;32m  OK  [0m] Started LSB: Record successful boot for GRUB.
[[0;32m  OK  [0m] Started Authorization Manager.
[[0;32m  OK  [0m] Started Accounts Service.
[[0;32m  OK  [0m] Started Virtualbox guest utils.
[[0;32m  OK  [0m] Started LXD - container startup/shutdown.
[[0;32m  OK  [0m] Started Snap Daemon.
         Starting Wait until snapd is fully seeded...
         Starting Time & Date Service...
[[0;32m  OK  [0m] Started Time & Date Service.

Ubuntu 18.04.6 LTS ubuntu-bionic ttyS0

ubuntu-bionic login: [   40.087906] cloud-init[1318]: Cloud-init v. 22.4.2-0ubuntu0~18.04.1 running 'modules:config' at Tue, 21 Feb 2023 13:05:21 +0000. Up 36.43 seconds.
ci-info: no authorized SSH keys fingerprints found for user ubuntu.
<14>Feb 21 13:05:25 cloud-init: #############################################################
<14>Feb 21 13:05:25 cloud-init: -----BEGIN SSH HOST KEY FINGERPRINTS-----
<14>Feb 21 13:05:25 cloud-init: 1024 SHA256:82/ARLbLA51QIaOWAXJZpcWKw2ue9MXKRn5cvYv3tjs root@ubuntu-bionic (DSA)
<14>Feb 21 13:05:25 cloud-init: 256 SHA256:obsk78Tf3qnhfUPX+OJobsWmItmKAWsk8arXeSrJTYw root@ubuntu-bionic (ECDSA)
<14>Feb 21 13:05:25 cloud-init: 256 SHA256:ZdNO1AXIRrTTCfuKN05NBcSg0Y2HbHg5JYeP3/0d5Ag root@ubuntu-bionic (ED25519)
<14>Feb 21 13:05:25 cloud-init: 2048 SHA256:sT6NUmYNFoU/BBm/mALPcW9oNYpDylItSU04CvR1Mf0 root@ubuntu-bionic (RSA)
<14>Feb 21 13:05:25 cloud-init: -----END SSH HOST KEY FINGERPRINTS-----
<14>Feb 21 13:05:25 cloud-init: #############################################################
-----BEGIN SSH HOST KEY KEYS-----
ecdsa-sha2-nistp256 AAAAE2VjZHNhLXNoYTItbmlzdHAyNTYAAAAIbmlzdHAyNTYAAABBBP4HHQHhh1ha3lSkyJfXW7cav1+TZ1KUViFYl04ZKFvG9P1dOcmlG47Z2YxJUwrCvFlf68sVP/15MZm/fyG0Oi8= root@ubuntu-bionic
ssh-ed25519 AAAAC3NzaC1lZDI1NTE5AAAAIKkdDu8PF7eFzKoacRjRsXEu97Df09D/hTD9s9fWaP5X root@ubuntu-bionic
ssh-rsa AAAAB3NzaC1yc2EAAAADAQABAAABAQC8UiSRFMWM37sc/YTLgaelse1G/XJZAJZdQiUEecnrYU2ZHhTiOr1NMYwJv+stTDFDreZpK9oDcOjlBIyxp+OeQzV6bl/TjYTbQWLI0ZXGfdt8CGXXkkFAZu+qjjeU6ggMi6/PzGsjEAKmJzHEsaGi2fyR+cNqR4ht/ioUCbcwYzHZCTq55ReBVpqWNHn+v9KPxT2a0pRjDrXLCtCluNyAft6I0mg5glGg7PLZ/XpmlG+Esf5BMH5JNY6xlI3xe4d3xBlSN1tytiu0JvsgM8ULd+E6kYZUjU0qePppRDYfB8TJYPSYBwA32ptD7P4Yyz/FGcMOCzTn74Jh4aOBY1oD root@ubuntu-bionic
-----END SSH HOST KEY KEYS-----
[   40.965877] cloud-init[1457]: Cloud-init v. 22.4.2-0ubuntu0~18.04.1 running 'modules:final' at Tue, 21 Feb 2023 13:05:25 +0000. Up 40.56 seconds.
[   40.968150] cloud-init[1457]: Cloud-init v. 22.4.2-0ubuntu0~18.04.1 finished at Tue, 21 Feb 2023 13:05:25 +0000. Datasource DataSourceNoCloud [seed=/dev/sdb][dsmode=net].  Up 40.94 seconds
